[0.024s] Invoking command in '/home/wedman/Documents/newmir/ros2_ws/build/my_project': CMAKE_PREFIX_PATH=${CMAKE_PREFIX_PATH}:/opt/ros/humble /usr/bin/cmake --build /home/wedman/Documents/newmir/ros2_ws/build/my_project -- -j8 -l8
[0.056s] -- Found ament_cmake: 1.3.10 (/opt/ros/humble/share/ament_cmake/cmake)
[0.268s] -- Found ament_lint_auto: 0.12.11 (/opt/ros/humble/share/ament_lint_auto/cmake)
[0.386s] -- Added test 'copyright' to check source files copyright and LICENSE
[0.397s] -- Added test 'cppcheck' to perform static code analysis on C / C++ code
[0.397s] -- Configured cppcheck include dirs: 
[0.397s] -- Configured cppcheck exclude dirs and/or files: 
[0.399s] -- Added test 'flake8' to check Python code syntax and style conventions
[0.401s] -- Added test 'lint_cmake' to check CMake code style
[0.403s] -- Added test 'pep257' to check Python code against some of the docstring style conventions in PEP 257
[0.414s] -- Added test 'uncrustify' to check C / C++ code style
[0.415s] -- Configured uncrustify additional arguments: 
[0.417s] -- Added test 'xmllint' to check XML markup files
[0.419s] -- Configuring done
[0.429s] -- Generating done
[0.430s] -- Build files have been written to: /home/wedman/Documents/newmir/ros2_ws/build/my_project
[0.461s] Invoked command in '/home/wedman/Documents/newmir/ros2_ws/build/my_project' returned '0': CMAKE_PREFIX_PATH=${CMAKE_PREFIX_PATH}:/opt/ros/humble /usr/bin/cmake --build /home/wedman/Documents/newmir/ros2_ws/build/my_project -- -j8 -l8
[0.503s] Invoking command in '/home/wedman/Documents/newmir/ros2_ws/build/my_project': CMAKE_PREFIX_PATH=${CMAKE_PREFIX_PATH}:/opt/ros/humble /usr/bin/cmake --install /home/wedman/Documents/newmir/ros2_ws/build/my_project
[0.515s] -- Install configuration: ""
[0.515s] -- Up-to-date: /home/wedman/Documents/newmir/ros2_ws/install/my_project/share/my_project//launch
[0.515s] -- Up-to-date: /home/wedman/Documents/newmir/ros2_ws/install/my_project/share/my_project//launch/navigation2_newmir.launch.py
[0.516s] -- Up-to-date: /home/wedman/Documents/newmir/ros2_ws/install/my_project/share/my_project//launch/house_world.launch.py
[0.516s] -- Up-to-date: /home/wedman/Documents/newmir/ros2_ws/install/my_project/share/my_project//launch/costmap_filter_info.launch.py
[0.516s] -- Up-to-date: /home/wedman/Documents/newmir/ros2_ws/install/my_project/share/my_project//launch/navigation_newmir.launch.py
[0.516s] -- Up-to-date: /home/wedman/Documents/newmir/ros2_ws/install/my_project/share/my_project//launch/my_turtlebot3_world.launch.py
[0.517s] -- Up-to-date: /home/wedman/Documents/newmir/ros2_ws/install/my_project/share/my_project//launch/bringup.launch.py
[0.517s] -- Up-to-date: /home/wedman/Documents/newmir/ros2_ws/install/my_project/share/my_project//param
[0.517s] -- Installing: /home/wedman/Documents/newmir/ros2_ws/install/my_project/share/my_project//param/newmir.yaml
[0.517s] -- Up-to-date: /home/wedman/Documents/newmir/ros2_ws/install/my_project/share/my_project//param/keepout_params.yaml
[0.518s] -- Up-to-date: /home/wedman/Documents/newmir/ros2_ws/install/my_project/share/ament_index/resource_index/package_run_dependencies/my_project
[0.518s] -- Up-to-date: /home/wedman/Documents/newmir/ros2_ws/install/my_project/share/ament_index/resource_index/parent_prefix_path/my_project
[0.518s] -- Installing: /home/wedman/Documents/newmir/ros2_ws/install/my_project/share/my_project/environment/ament_prefix_path.sh
[0.518s] -- Installing: /home/wedman/Documents/newmir/ros2_ws/install/my_project/share/my_project/environment/ament_prefix_path.dsv
[0.519s] -- Installing: /home/wedman/Documents/newmir/ros2_ws/install/my_project/share/my_project/environment/path.sh
[0.519s] -- Installing: /home/wedman/Documents/newmir/ros2_ws/install/my_project/share/my_project/environment/path.dsv
[0.519s] -- Up-to-date: /home/wedman/Documents/newmir/ros2_ws/install/my_project/share/my_project/local_setup.bash
[0.519s] -- Up-to-date: /home/wedman/Documents/newmir/ros2_ws/install/my_project/share/my_project/local_setup.sh
[0.519s] -- Up-to-date: /home/wedman/Documents/newmir/ros2_ws/install/my_project/share/my_project/local_setup.zsh
[0.519s] -- Installing: /home/wedman/Documents/newmir/ros2_ws/install/my_project/share/my_project/local_setup.dsv
[0.520s] -- Installing: /home/wedman/Documents/newmir/ros2_ws/install/my_project/share/my_project/package.dsv
[0.520s] -- Up-to-date: /home/wedman/Documents/newmir/ros2_ws/install/my_project/share/ament_index/resource_index/packages/my_project
[0.520s] -- Up-to-date: /home/wedman/Documents/newmir/ros2_ws/install/my_project/share/my_project/cmake/my_projectConfig.cmake
[0.520s] -- Up-to-date: /home/wedman/Documents/newmir/ros2_ws/install/my_project/share/my_project/cmake/my_projectConfig-version.cmake
[0.521s] -- Up-to-date: /home/wedman/Documents/newmir/ros2_ws/install/my_project/share/my_project/package.xml
[0.522s] Invoked command in '/home/wedman/Documents/newmir/ros2_ws/build/my_project' returned '0': CMAKE_PREFIX_PATH=${CMAKE_PREFIX_PATH}:/opt/ros/humble /usr/bin/cmake --install /home/wedman/Documents/newmir/ros2_ws/build/my_project
