[0.142s] DEBUG:colcon:Command line arguments: ['/home/wedman/.local/bin/colcon', 'build']
[0.142s] DEBUG:colcon:Parsed command line arguments: Namespace(log_base=None, log_level=None, verb_name='build', build_base='build', install_base='install', merge_install=False, symlink_install=False, test_result_base=None, continue_on_error=False, executor='parallel', parallel_workers=8, event_handlers=None, ignore_user_meta=False, metas=['./colcon.meta'], base_paths=['.'], packages_ignore=None, packages_ignore_regex=None, paths=None, packages_up_to=None, packages_up_to_regex=None, packages_above=None, packages_above_and_dependencies=None, packages_above_depth=None, packages_select_by_dep=None, packages_skip_by_dep=None, packages_skip_up_to=None, packages_select_build_failed=False, packages_skip_build_finished=False, packages_select_test_failures=False, packages_skip_test_passed=False, packages_select=None, packages_skip=None, packages_select_regex=None, packages_skip_regex=None, packages_start=None, packages_end=None, allow_overriding=[], cmake_args=None, cmake_target=None, cmake_target_skip_unavailable=False, cmake_clean_cache=False, cmake_clean_first=False, cmake_force_configure=False, ament_cmake_args=None, catkin_cmake_args=None, catkin_skip_building_tests=False, verb_parser=<colcon_defaults.argument_parser.defaults.DefaultArgumentsDecorator object at 0x7eec726eb610>, verb_extension=<colcon_core.verb.build.BuildVerb object at 0x7eec72634190>, main=<bound method BuildVerb.main of <colcon_core.verb.build.BuildVerb object at 0x7eec72634190>>)
[0.331s] Level 1:colcon.colcon_core.package_discovery:discover_packages(colcon_meta) check parameters
[0.331s] Level 1:colcon.colcon_core.package_discovery:discover_packages(recursive) check parameters
[0.331s] Level 1:colcon.colcon_core.package_discovery:discover_packages(ignore) check parameters
[0.331s] Level 1:colcon.colcon_core.package_discovery:discover_packages(path) check parameters
[0.331s] Level 1:colcon.colcon_core.package_discovery:discover_packages(colcon_meta) discover
[0.331s] Level 1:colcon.colcon_core.package_discovery:discover_packages(recursive) discover
[0.331s] INFO:colcon.colcon_core.package_discovery:Crawling recursively for packages in '/home/wedman/Documents/newmir/ros2_ws'
[0.331s] Level 1:colcon.colcon_core.package_identification:_identify(.) by extensions ['ignore', 'ignore_ament_install']
[0.331s] Level 1:colcon.colcon_core.package_identification:_identify(.) by extension 'ignore'
[0.331s] Level 1:colcon.colcon_core.package_identification:_identify(.) by extension 'ignore_ament_install'
[0.331s] Level 1:colcon.colcon_core.package_identification:_identify(.) by extensions ['colcon_pkg']
[0.332s] Level 1:colcon.colcon_core.package_identification:_identify(.) by extension 'colcon_pkg'
[0.332s] Level 1:colcon.colcon_core.package_identification:_identify(.) by extensions ['colcon_meta']
[0.332s] Level 1:colcon.colcon_core.package_identification:_identify(.) by extension 'colcon_meta'
[0.332s] Level 1:colcon.colcon_core.package_identification:_identify(.) by extensions ['ros']
[0.332s] Level 1:colcon.colcon_core.package_identification:_identify(.) by extension 'ros'
[0.343s] Level 1:colcon.colcon_core.package_identification:_identify(.) by extensions ['cmake', 'python']
[0.343s] Level 1:colcon.colcon_core.package_identification:_identify(.) by extension 'cmake'
[0.343s] Level 1:colcon.colcon_core.package_identification:_identify(.) by extension 'python'
[0.344s] Level 1:colcon.colcon_core.package_identification:_identify(.) by extensions ['python_setup_py']
[0.344s] Level 1:colcon.colcon_core.package_identification:_identify(.) by extension 'python_setup_py'
[0.344s] Level 1:colcon.colcon_core.package_identification:_identify(build) by extensions ['ignore', 'ignore_ament_install']
[0.344s] Level 1:colcon.colcon_core.package_identification:_identify(build) by extension 'ignore'
[0.344s] Level 1:colcon.colcon_core.package_identification:_identify(build) ignored
[0.344s] Level 1:colcon.colcon_core.package_identification:_identify(install) by extensions ['ignore', 'ignore_ament_install']
[0.344s] Level 1:colcon.colcon_core.package_identification:_identify(install) by extension 'ignore'
[0.344s] Level 1:colcon.colcon_core.package_identification:_identify(install) ignored
[0.344s] Level 1:colcon.colcon_core.package_identification:_identify(log) by extensions ['ignore', 'ignore_ament_install']
[0.344s] Level 1:colcon.colcon_core.package_identification:_identify(log) by extension 'ignore'
[0.344s] Level 1:colcon.colcon_core.package_identification:_identify(log) ignored
[0.345s] Level 1:colcon.colcon_core.package_identification:_identify(src) by extensions ['ignore', 'ignore_ament_install']
[0.345s] Level 1:colcon.colcon_core.package_identification:_identify(src) by extension 'ignore'
[0.345s] Level 1:colcon.colcon_core.package_identification:_identify(src) by extension 'ignore_ament_install'
[0.345s] Level 1:colcon.colcon_core.package_identification:_identify(src) by extensions ['colcon_pkg']
[0.345s] Level 1:colcon.colcon_core.package_identification:_identify(src) by extension 'colcon_pkg'
[0.345s] Level 1:colcon.colcon_core.package_identification:_identify(src) by extensions ['colcon_meta']
[0.345s] Level 1:colcon.colcon_core.package_identification:_identify(src) by extension 'colcon_meta'
[0.345s] Level 1:colcon.colcon_core.package_identification:_identify(src) by extensions ['ros']
[0.345s] Level 1:colcon.colcon_core.package_identification:_identify(src) by extension 'ros'
[0.345s] Level 1:colcon.colcon_core.package_identification:_identify(src) by extensions ['cmake', 'python']
[0.345s] Level 1:colcon.colcon_core.package_identification:_identify(src) by extension 'cmake'
[0.345s] Level 1:colcon.colcon_core.package_identification:_identify(src) by extension 'python'
[0.345s] Level 1:colcon.colcon_core.package_identification:_identify(src) by extensions ['python_setup_py']
[0.345s] Level 1:colcon.colcon_core.package_identification:_identify(src) by extension 'python_setup_py'
[0.345s] Level 1:colcon.colcon_core.package_identification:_identify(src/my_project) by extensions ['ignore', 'ignore_ament_install']
[0.345s] Level 1:colcon.colcon_core.package_identification:_identify(src/my_project) by extension 'ignore'
[0.345s] Level 1:colcon.colcon_core.package_identification:_identify(src/my_project) by extension 'ignore_ament_install'
[0.346s] Level 1:colcon.colcon_core.package_identification:_identify(src/my_project) by extensions ['colcon_pkg']
[0.346s] Level 1:colcon.colcon_core.package_identification:_identify(src/my_project) by extension 'colcon_pkg'
[0.346s] Level 1:colcon.colcon_core.package_identification:_identify(src/my_project) by extensions ['colcon_meta']
[0.346s] Level 1:colcon.colcon_core.package_identification:_identify(src/my_project) by extension 'colcon_meta'
[0.346s] Level 1:colcon.colcon_core.package_identification:_identify(src/my_project) by extensions ['ros']
[0.346s] Level 1:colcon.colcon_core.package_identification:_identify(src/my_project) by extension 'ros'
[0.349s] DEBUG:colcon.colcon_core.package_identification:Package 'src/my_project' with type 'ros.ament_cmake' and name 'my_project'
[0.349s] Level 1:colcon.colcon_core.package_discovery:discover_packages(recursive) using defaults
[0.349s] Level 1:colcon.colcon_core.package_discovery:discover_packages(ignore) discover
[0.349s] Level 1:colcon.colcon_core.package_discovery:discover_packages(ignore) using defaults
[0.349s] Level 1:colcon.colcon_core.package_discovery:discover_packages(path) discover
[0.349s] Level 1:colcon.colcon_core.package_discovery:discover_packages(path) using defaults
[0.371s] Level 1:colcon.colcon_core.package_discovery:discover_packages(prefix_path) check parameters
[0.371s] Level 1:colcon.colcon_core.package_discovery:discover_packages(prefix_path) discover
[0.373s] DEBUG:colcon.colcon_installed_package_information.package_discovery:Found 1 installed packages in /home/wedman/Documents/newmir/ros2_ws/install
[0.373s] DEBUG:colcon.colcon_installed_package_information.package_discovery:Found 1 installed packages in /home/wedman/ros2_ws/install
[0.374s] DEBUG:colcon.colcon_installed_package_information.package_discovery:Found 1 installed packages in /home/wedman/telecontrol_ws/install
[0.375s] DEBUG:colcon.colcon_installed_package_information.package_discovery:Found 386 installed packages in /opt/ros/humble
[0.387s] Level 1:colcon.colcon_core.package_discovery:discover_packages(prefix_path) using defaults
[0.441s] Level 5:colcon.colcon_core.verb:set package 'my_project' build argument 'cmake_args' from command line to 'None'
[0.441s] Level 5:colcon.colcon_core.verb:set package 'my_project' build argument 'cmake_target' from command line to 'None'
[0.441s] Level 5:colcon.colcon_core.verb:set package 'my_project' build argument 'cmake_target_skip_unavailable' from command line to 'False'
[0.441s] Level 5:colcon.colcon_core.verb:set package 'my_project' build argument 'cmake_clean_cache' from command line to 'False'
[0.441s] Level 5:colcon.colcon_core.verb:set package 'my_project' build argument 'cmake_clean_first' from command line to 'False'
[0.441s] Level 5:colcon.colcon_core.verb:set package 'my_project' build argument 'cmake_force_configure' from command line to 'False'
[0.441s] Level 5:colcon.colcon_core.verb:set package 'my_project' build argument 'ament_cmake_args' from command line to 'None'
[0.441s] Level 5:colcon.colcon_core.verb:set package 'my_project' build argument 'catkin_cmake_args' from command line to 'None'
[0.441s] Level 5:colcon.colcon_core.verb:set package 'my_project' build argument 'catkin_skip_building_tests' from command line to 'False'
[0.442s] DEBUG:colcon.colcon_core.verb:Building package 'my_project' with the following arguments: {'ament_cmake_args': None, 'build_base': '/home/wedman/Documents/newmir/ros2_ws/build/my_project', 'catkin_cmake_args': None, 'catkin_skip_building_tests': False, 'cmake_args': None, 'cmake_clean_cache': False, 'cmake_clean_first': False, 'cmake_force_configure': False, 'cmake_target': None, 'cmake_target_skip_unavailable': False, 'install_base': '/home/wedman/Documents/newmir/ros2_ws/install/my_project', 'merge_install': False, 'path': '/home/wedman/Documents/newmir/ros2_ws/src/my_project', 'symlink_install': False, 'test_result_base': None}
[0.442s] INFO:colcon.colcon_core.executor:Executing jobs using 'parallel' executor
[0.443s] DEBUG:colcon.colcon_parallel_executor.executor.parallel:run_until_complete
[0.443s] INFO:colcon.colcon_ros.task.ament_cmake.build:Building ROS package in '/home/wedman/Documents/newmir/ros2_ws/src/my_project' with build type 'ament_cmake'
[0.444s] INFO:colcon.colcon_cmake.task.cmake.build:Building CMake package in '/home/wedman/Documents/newmir/ros2_ws/src/my_project'
[0.445s] INFO:colcon.colcon_core.plugin_system:Skipping extension 'colcon_core.shell.bat': Not used on non-Windows systems
[0.446s] INFO:colcon.colcon_core.shell:Skip shell extension 'powershell' for command environment: Not usable outside of PowerShell
[0.446s] DEBUG:colcon.colcon_core.shell:Skip shell extension 'dsv' for command environment
[0.457s] DEBUG:colcon.colcon_core.event_handler.log_command:Invoking command in '/home/wedman/Documents/newmir/ros2_ws/build/my_project': CMAKE_PREFIX_PATH=${CMAKE_PREFIX_PATH}:/opt/ros/humble /usr/bin/cmake --build /home/wedman/Documents/newmir/ros2_ws/build/my_project -- -j8 -l8
[0.493s] DEBUG:colcon.colcon_core.event_handler.log_command:Invoked command in '/home/wedman/Documents/newmir/ros2_ws/build/my_project' returned '0': CMAKE_PREFIX_PATH=${CMAKE_PREFIX_PATH}:/opt/ros/humble /usr/bin/cmake --build /home/wedman/Documents/newmir/ros2_ws/build/my_project -- -j8 -l8
[0.525s] DEBUG:colcon.colcon_core.event_handler.log_command:Invoking command in '/home/wedman/Documents/newmir/ros2_ws/build/my_project': CMAKE_PREFIX_PATH=${CMAKE_PREFIX_PATH}:/opt/ros/humble /usr/bin/cmake --install /home/wedman/Documents/newmir/ros2_ws/build/my_project
[0.536s] Level 1:colcon.colcon_core.environment:create_environment_scripts_only(my_project)
[0.539s] DEBUG:colcon.colcon_core.event_handler.log_command:Invoked command in '/home/wedman/Documents/newmir/ros2_ws/build/my_project' returned '0': CMAKE_PREFIX_PATH=${CMAKE_PREFIX_PATH}:/opt/ros/humble /usr/bin/cmake --install /home/wedman/Documents/newmir/ros2_ws/build/my_project
[0.541s] Level 1:colcon.colcon_core.environment:checking '/home/wedman/Documents/newmir/ros2_ws/install/my_project' for CMake module files
[0.542s] Level 1:colcon.colcon_core.environment:checking '/home/wedman/Documents/newmir/ros2_ws/install/my_project' for CMake config files
[0.542s] Level 1:colcon.colcon_core.shell:create_environment_hook('my_project', 'cmake_prefix_path')
[0.543s] INFO:colcon.colcon_core.shell:Creating environment hook '/home/wedman/Documents/newmir/ros2_ws/install/my_project/share/my_project/hook/cmake_prefix_path.ps1'
[0.544s] INFO:colcon.colcon_core.shell:Creating environment descriptor '/home/wedman/Documents/newmir/ros2_ws/install/my_project/share/my_project/hook/cmake_prefix_path.dsv'
[0.544s] INFO:colcon.colcon_core.shell:Creating environment hook '/home/wedman/Documents/newmir/ros2_ws/install/my_project/share/my_project/hook/cmake_prefix_path.sh'
[0.546s] Level 1:colcon.colcon_core.environment:checking '/home/wedman/Documents/newmir/ros2_ws/install/my_project/bin'
[0.546s] Level 1:colcon.colcon_core.environment:checking '/home/wedman/Documents/newmir/ros2_ws/install/my_project/lib/pkgconfig/my_project.pc'
[0.546s] Level 1:colcon.colcon_core.environment:checking '/home/wedman/Documents/newmir/ros2_ws/install/my_project/lib/python3.10/site-packages'
[0.546s] Level 1:colcon.colcon_core.environment:checking '/home/wedman/Documents/newmir/ros2_ws/install/my_project/bin'
[0.547s] INFO:colcon.colcon_core.shell:Creating package script '/home/wedman/Documents/newmir/ros2_ws/install/my_project/share/my_project/package.ps1'
[0.548s] INFO:colcon.colcon_core.shell:Creating package descriptor '/home/wedman/Documents/newmir/ros2_ws/install/my_project/share/my_project/package.dsv'
[0.548s] INFO:colcon.colcon_core.shell:Creating package script '/home/wedman/Documents/newmir/ros2_ws/install/my_project/share/my_project/package.sh'
[0.549s] INFO:colcon.colcon_core.shell:Creating package script '/home/wedman/Documents/newmir/ros2_ws/install/my_project/share/my_project/package.bash'
[0.550s] INFO:colcon.colcon_core.shell:Creating package script '/home/wedman/Documents/newmir/ros2_ws/install/my_project/share/my_project/package.zsh'
[0.551s] Level 1:colcon.colcon_core.environment:create_file_with_runtime_dependencies(/home/wedman/Documents/newmir/ros2_ws/install/my_project/share/colcon-core/packages/my_project)
[0.575s] Level 1:colcon.colcon_core.environment:create_environment_scripts_only(my_project)
[0.575s] Level 1:colcon.colcon_core.environment:checking '/home/wedman/Documents/newmir/ros2_ws/install/my_project' for CMake module files
[0.576s] Level 1:colcon.colcon_core.environment:checking '/home/wedman/Documents/newmir/ros2_ws/install/my_project' for CMake config files
[0.576s] Level 1:colcon.colcon_core.shell:create_environment_hook('my_project', 'cmake_prefix_path')
[0.577s] INFO:colcon.colcon_core.shell:Creating environment hook '/home/wedman/Documents/newmir/ros2_ws/install/my_project/share/my_project/hook/cmake_prefix_path.ps1'
[0.577s] INFO:colcon.colcon_core.shell:Creating environment descriptor '/home/wedman/Documents/newmir/ros2_ws/install/my_project/share/my_project/hook/cmake_prefix_path.dsv'
[0.577s] INFO:colcon.colcon_core.shell:Creating environment hook '/home/wedman/Documents/newmir/ros2_ws/install/my_project/share/my_project/hook/cmake_prefix_path.sh'
[0.578s] Level 1:colcon.colcon_core.environment:checking '/home/wedman/Documents/newmir/ros2_ws/install/my_project/bin'
[0.578s] Level 1:colcon.colcon_core.environment:checking '/home/wedman/Documents/newmir/ros2_ws/install/my_project/lib/pkgconfig/my_project.pc'
[0.578s] Level 1:colcon.colcon_core.environment:checking '/home/wedman/Documents/newmir/ros2_ws/install/my_project/lib/python3.10/site-packages'
[0.579s] Level 1:colcon.colcon_core.environment:checking '/home/wedman/Documents/newmir/ros2_ws/install/my_project/bin'
[0.579s] INFO:colcon.colcon_core.shell:Creating package script '/home/wedman/Documents/newmir/ros2_ws/install/my_project/share/my_project/package.ps1'
[0.580s] INFO:colcon.colcon_core.shell:Creating package descriptor '/home/wedman/Documents/newmir/ros2_ws/install/my_project/share/my_project/package.dsv'
[0.580s] INFO:colcon.colcon_core.shell:Creating package script '/home/wedman/Documents/newmir/ros2_ws/install/my_project/share/my_project/package.sh'
[0.581s] INFO:colcon.colcon_core.shell:Creating package script '/home/wedman/Documents/newmir/ros2_ws/install/my_project/share/my_project/package.bash'
[0.581s] INFO:colcon.colcon_core.shell:Creating package script '/home/wedman/Documents/newmir/ros2_ws/install/my_project/share/my_project/package.zsh'
[0.581s] Level 1:colcon.colcon_core.environment:create_file_with_runtime_dependencies(/home/wedman/Documents/newmir/ros2_ws/install/my_project/share/colcon-core/packages/my_project)
[0.582s] DEBUG:colcon.colcon_parallel_executor.executor.parallel:closing loop
[0.582s] DEBUG:colcon.colcon_parallel_executor.executor.parallel:loop closed
[0.582s] DEBUG:colcon.colcon_parallel_executor.executor.parallel:run_until_complete finished with '0'
[0.582s] DEBUG:colcon.colcon_core.event_reactor:joining thread
[0.587s] INFO:colcon.colcon_core.plugin_system:Skipping extension 'colcon_notification.desktop_notification.terminal_notifier': Not used on non-Darwin systems
[0.587s] INFO:colcon.colcon_core.plugin_system:Skipping extension 'colcon_notification.desktop_notification.win32': Not used on non-Windows systems
[0.587s] INFO:colcon.colcon_notification.desktop_notification:Sending desktop notification using 'notify2'
[0.595s] DEBUG:colcon.colcon_core.event_reactor:joined thread
[0.596s] INFO:colcon.colcon_core.shell:Creating prefix script '/home/wedman/Documents/newmir/ros2_ws/install/local_setup.ps1'
[0.597s] INFO:colcon.colcon_core.shell:Creating prefix util module '/home/wedman/Documents/newmir/ros2_ws/install/_local_setup_util_ps1.py'
[0.598s] INFO:colcon.colcon_core.shell:Creating prefix chain script '/home/wedman/Documents/newmir/ros2_ws/install/setup.ps1'
[0.599s] INFO:colcon.colcon_core.shell:Creating prefix script '/home/wedman/Documents/newmir/ros2_ws/install/local_setup.sh'
[0.600s] INFO:colcon.colcon_core.shell:Creating prefix util module '/home/wedman/Documents/newmir/ros2_ws/install/_local_setup_util_sh.py'
[0.600s] INFO:colcon.colcon_core.shell:Creating prefix chain script '/home/wedman/Documents/newmir/ros2_ws/install/setup.sh'
[0.601s] INFO:colcon.colcon_core.shell:Creating prefix script '/home/wedman/Documents/newmir/ros2_ws/install/local_setup.bash'
[0.602s] INFO:colcon.colcon_core.shell:Creating prefix chain script '/home/wedman/Documents/newmir/ros2_ws/install/setup.bash'
[0.604s] INFO:colcon.colcon_core.shell:Creating prefix script '/home/wedman/Documents/newmir/ros2_ws/install/local_setup.zsh'
[0.605s] INFO:colcon.colcon_core.shell:Creating prefix chain script '/home/wedman/Documents/newmir/ros2_ws/install/setup.zsh'
